<?xml version="1.0" encoding="UTF-8"?>
<!-- Generated by org.testng.reporters.JUnitXMLReporter -->
<testsuite ignored="0" hostname="DESKTOP-L2Q3C3G" failures="0" tests="1" name="Test" time="2.99" errors="0" timestamp="2022-11-04T16:32:47 PKT">
  <testcase classname="com.mystore.testcases.attributeSettest" name="@BeforeMethod setup" time="-1.667561567246E9">
    <failure type="org.testng.TestNGException" message="
Parameter &amp;apos;browser&amp;apos; is required by BeforeMethod on method setup but has not been marked @Optional or defined
in C:\Users\Hp\git\repository\MyStoreProject\testng.xml">
      <![CDATA[org.testng.TestNGException: 
Parameter 'browser' is required by BeforeMethod on method setup but has not been marked @Optional or defined
in C:\Users\Hp\git\repository\MyStoreProject\testng.xml
at java.base/java.util.ArrayList.forEach(ArrayList.java:1511)
... Removed 28 stack frames]]>
    </failure>
  </testcase> <!-- @BeforeMethod setup -->
  <testcase classname="com.mystore.testcases.attributeSettest" name="@AfterMethod tearDown" time="-1.667561567344E9">
    <skipped/>
  </testcase> <!-- @AfterMethod tearDown -->
  <testcase classname="com.mystore.testcases.attributeSettest" name="attributeSet" time="0.0">
    <skipped/>
  </testcase> <!-- attributeSet -->
</testsuite> <!-- Test -->
